<?xml version="1.0" encoding="UTF-8"?>
<!-- Generated by org.testng.reporters.JUnitXMLReporter -->
<testsuite ignored="1" hostname="DESKTOP-GKI4CMR" failures="1" tests="2" name="Default test(failed)(failed)" time="0.229" errors="0" timestamp="2025-05-25T14:15:52 IST">
  <testcase classname="Selenium.TestOne.PracticeOne" name="CancelInvoiceVisible" time="0.058">
    <failure type="java.lang.NullPointerException" message="Cannot invoke &amp;quot;org.openqa.selenium.WebDriver.findElement(org.openqa.selenium.By)&amp;quot; because &amp;quot;driver&amp;quot; is null">
      <![CDATA[java.lang.NullPointerException: Cannot invoke "org.openqa.selenium.WebDriver.findElement(org.openqa.selenium.By)" because "driver" is null
at Selenium.TestOne.BaseClass.CancelInvoiceVisableOrNot(BaseClass.java:431)
at Selenium.TestOne.PracticeOne.CancelInvoiceVisible(PracticeOne.java:56)
at java.base/java.util.ArrayList.forEach(ArrayList.java:1604)
... Removed 25 stack frames]]>
    </failure>
  </testcase> <!-- CancelInvoiceVisible -->
  <testcase classname="Selenium.TestOne.PracticeOne" name="inwardCheckAfterCreatingTheInvoice" time="0.0">
    <skipped/>
  </testcase> <!-- inwardCheckAfterCreatingTheInvoice -->
  <testcase classname="Selenium.TestOne.PracticeOne" name="login" time="0.0">
    <ignored/>
  </testcase> <!-- login -->
</testsuite> <!-- Default test(failed)(failed) -->
