<?xml version="1.0" encoding="UTF-8"?>
<!-- Generated by org.testng.reporters.JUnitXMLReporter -->
<testsuite ignored="3" hostname="DESKTOP-GKI4CMR" failures="0" tests="5" name="Test" time="90.268" errors="0" timestamp="2025-06-13T18:12:52 IST">
  <testcase classname="Selenium.TestOne.PracticeOne" name="login" time="11.081"/>
  <testcase classname="Selenium.TestOne.PracticeOne" name="EnterPartsInTheInward" time="32.073"/>
  <testcase classname="Selenium.TestOne.PracticeOne" name="ActionsInSellProducts" time="19.964"/>
  <testcase classname="Selenium.TestOne.PracticeOne" name="CancelInvoiceVisible" time="5.837"/>
  <testcase classname="Selenium.TestOne.PracticeOne" name="InvoiceCancel" time="21.128"/>
  <testcase classname="Selenium.TestOne.PracticeOne" name="IssueTheCreditNote" time="0.0">
    <ignored/>
  </testcase> <!-- IssueTheCreditNote -->
  <testcase classname="Selenium.TestOne.PracticeOne" name="OnlyCreditNote" time="0.0">
    <ignored/>
  </testcase> <!-- OnlyCreditNote -->
  <testcase classname="Selenium.TestOne.PracticeOne" name="inwardCheckAfterCreatingTheInvoice" time="0.0">
    <ignored/>
  </testcase> <!-- inwardCheckAfterCreatingTheInvoice -->
</testsuite> <!-- Test -->
