<?xml version="1.0" encoding="UTF-8"?>
<testng-results ignored="3" total="8" passed="5" failed="0" skipped="0">
  <reporter-output>
  </reporter-output>
  <suite started-at="2025-06-13T18:11:22 IST" name="Suite" finished-at="2025-06-13T18:12:52 IST" duration-ms="90268">
    <groups>
      <group name="Sellproducts">
        <method signature="PracticeOne.login()[pri:1, instance:Selenium.TestOne.PracticeOne@549621f3]" name="login" class="Selenium.TestOne.PracticeOne"/>
        <method signature="PracticeOne.ActionsInSellProducts()[pri:3, instance:Selenium.TestOne.PracticeOne@549621f3]" name="ActionsInSellProducts" class="Selenium.TestOne.PracticeOne"/>
        <method signature="PracticeOne.CancelInvoiceVisible()[pri:4, instance:Selenium.TestOne.PracticeOne@549621f3]" name="CancelInvoiceVisible" class="Selenium.TestOne.PracticeOne"/>
      </group> <!-- Sellproducts -->
    </groups>
    <test started-at="2025-06-13T18:11:22 IST" name="Test" finished-at="2025-06-13T18:12:52 IST" duration-ms="90268">
      <class name="Selenium.TestOne.PracticeOne">
        <test-method signature="login()[pri:1, instance:Selenium.TestOne.PracticeOne@549621f3]" started-at="2025-06-13T18:11:22 IST" name="login" finished-at="2025-06-13T18:11:33 IST" duration-ms="11081" status="PASS">
          <reporter-output>
          </reporter-output>
        </test-method> <!-- login -->
        <test-method signature="EnterPartsInTheInward()[pri:2, instance:Selenium.TestOne.PracticeOne@549621f3]" started-at="2025-06-13T18:11:33 IST" name="EnterPartsInTheInward" finished-at="2025-06-13T18:12:05 IST" depends-on-methods="Selenium.TestOne.BaseClass.login" duration-ms="32073" status="PASS">
          <reporter-output>
          </reporter-output>
        </test-method> <!-- EnterPartsInTheInward -->
        <test-method signature="ActionsInSellProducts()[pri:3, instance:Selenium.TestOne.PracticeOne@549621f3]" started-at="2025-06-13T18:12:05 IST" name="ActionsInSellProducts" finished-at="2025-06-13T18:12:25 IST" duration-ms="19964" status="PASS">
          <reporter-output>
          </reporter-output>
        </test-method> <!-- ActionsInSellProducts -->
        <test-method signature="CancelInvoiceVisible()[pri:4, instance:Selenium.TestOne.PracticeOne@549621f3]" started-at="2025-06-13T18:12:25 IST" name="CancelInvoiceVisible" finished-at="2025-06-13T18:12:31 IST" duration-ms="5837" status="PASS">
          <reporter-output>
          </reporter-output>
        </test-method> <!-- CancelInvoiceVisible -->
        <test-method signature="InvoiceCancel()[pri:7, instance:Selenium.TestOne.PracticeOne@549621f3]" started-at="2025-06-13T18:12:31 IST" name="InvoiceCancel" finished-at="2025-06-13T18:12:52 IST" depends-on-methods="Selenium.TestOne.PracticeOne.EnterPartsInTheInward, Selenium.TestOne.PracticeOne.ActionsInSellProducts, Selenium.TestOne.PracticeOne.CancelInvoiceVisible, Selenium.TestOne.BaseClass.login" duration-ms="21128" status="PASS">
          <reporter-output>
          </reporter-output>
        </test-method> <!-- InvoiceCancel -->
      </class> <!-- Selenium.TestOne.PracticeOne -->
    </test> <!-- Test -->
  </suite> <!-- Suite -->
</testng-results>
