<?xml version="1.0" encoding="UTF-8"?>
<!-- Generated by org.testng.reporters.JUnitXMLReporter -->
<testsuite ignored="6" hostname="DESKTOP-GKI4CMR" failures="0" tests="1" name="Test" time="3.801" errors="0" timestamp="2025-06-02T18:39:11 IST">
  <testcase classname="Selenium.TestOne.PracticeOne" name="login" time="3.713"/>
  <testcase classname="Selenium.TestOne.PracticeOne" name="EnterPartsInTheInward" time="0.0">
    <ignored/>
  </testcase> <!-- EnterPartsInTheInward -->
  <testcase classname="Selenium.TestOne.PracticeOne" name="IssueTheCreditNote" time="0.0">
    <ignored/>
  </testcase> <!-- IssueTheCreditNote -->
  <testcase classname="Selenium.TestOne.PracticeOne" name="CancelInvoiceVisible" time="0.0">
    <ignored/>
  </testcase> <!-- CancelInvoiceVisible -->
  <testcase classname="Selenium.TestOne.PracticeOne" name="inwardCheckAfterCreatingTheInvoice" time="0.0">
    <ignored/>
  </testcase> <!-- inwardCheckAfterCreatingTheInvoice -->
  <testcase classname="Selenium.TestOne.PracticeOne" name="OnlyCreditNote" time="0.0">
    <ignored/>
  </testcase> <!-- OnlyCreditNote -->
  <testcase classname="Selenium.TestOne.PracticeOne" name="ActionsInSellProducts" time="0.0">
    <ignored/>
  </testcase> <!-- ActionsInSellProducts -->
</testsuite> <!-- Test -->
