<?xml version="1.0" encoding="UTF-8"?>
<testng-results ignored="0" total="1" passed="1" failed="0" skipped="0">
  <reporter-output>
  </reporter-output>
  <suite started-at="2025-05-02T18:24:41 IST" name="Default suite" finished-at="2025-05-02T18:25:55 IST" duration-ms="74270">
    <groups>
    </groups>
    <test started-at="2025-05-02T18:24:41 IST" name="Default test" finished-at="2025-05-02T18:25:55 IST" duration-ms="74270">
      <class name="Selenium.TestOne.PracticeOne">
        <test-method signature="login()[pri:0, instance:Selenium.TestOne.PracticeOne@6e521c1e]" started-at="2025-05-02T18:24:41 IST" name="login" finished-at="2025-05-02T18:25:55 IST" duration-ms="74172" status="PASS">
          <reporter-output>
          </reporter-output>
        </test-method> <!-- login -->
      </class> <!-- Selenium.TestOne.PracticeOne -->
    </test> <!-- Default test -->
  </suite> <!-- Default suite -->
</testng-results>
